This is pdfTeX, Version 3.141592653-2.6-1.40.25 (TeX Live 2023) (preloaded format=pdflatex 2023.8.24)  24 AUG 2023 14:49
entering extended mode
 restricted \write18 enabled.
 %&-line parsing enabled.
**gsl-n.tex
(./gsl-n.tex
LaTeX2e <2023-06-01> patch level 1
L3 programming layer <2023-08-11>
(/Users/jepa88/Library/TinyTeX/texmf-dist/tex/latex/base/article.cls
Document Class: article 2023/05/17 v1.4n Standard LaTeX document class
(/Users/jepa88/Library/TinyTeX/texmf-dist/tex/latex/base/size10.clo
File: size10.clo 2023/05/17 v1.4n Standard LaTeX file (size option)
)
\c@part=\count185
\c@section=\count186
\c@subsection=\count187
\c@subsubsection=\count188
\c@paragraph=\count189
\c@subparagraph=\count190
\c@figure=\count191
\c@table=\count192
\abovecaptionskip=\skip48
\belowcaptionskip=\skip49
\bibindent=\dimen140
) (/Users/jepa88/Library/TinyTeX/texmf-dist/tex/latex/amsmath/amsmath.sty
Package: amsmath 2023/05/13 v2.17o AMS math features
\@mathmargin=\skip50
For additional information on amsmath, use the `?' option.
(/Users/jepa88/Library/TinyTeX/texmf-dist/tex/latex/amsmath/amstext.sty
Package: amstext 2021/08/26 v2.01 AMS text
(/Users/jepa88/Library/TinyTeX/texmf-dist/tex/latex/amsmath/amsgen.sty
File: amsgen.sty 1999/11/30 v2.0 generic functions
\@emptytoks=\toks17
\ex@=\dimen141
)) (/Users/jepa88/Library/TinyTeX/texmf-dist/tex/latex/amsmath/amsbsy.sty
Package: amsbsy 1999/11/29 v1.2d Bold Symbols
\pmbraise@=\dimen142
) (/Users/jepa88/Library/TinyTeX/texmf-dist/tex/latex/amsmath/amsopn.sty
Package: amsopn 2022/04/08 v2.04 operator names
)
\inf@bad=\count193
LaTeX Info: Redefining \frac on input line 234.
\uproot@=\count194
\leftroot@=\count195
LaTeX Info: Redefining \overline on input line 399.
LaTeX Info: Redefining \colon on input line 410.
\classnum@=\count196
\DOTSCASE@=\count197
LaTeX Info: Redefining \ldots on input line 496.
LaTeX Info: Redefining \dots on input line 499.
LaTeX Info: Redefining \cdots on input line 620.
\Mathstrutbox@=\box51
\strutbox@=\box52
LaTeX Info: Redefining \big on input line 722.
LaTeX Info: Redefining \Big on input line 723.
LaTeX Info: Redefining \bigg on input line 724.
LaTeX Info: Redefining \Bigg on input line 725.
\big@size=\dimen143
LaTeX Font Info:    Redeclaring font encoding OML on input line 743.
LaTeX Font Info:    Redeclaring font encoding OMS on input line 744.
\macc@depth=\count198
LaTeX Info: Redefining \bmod on input line 905.
LaTeX Info: Redefining \pmod on input line 910.
LaTeX Info: Redefining \smash on input line 940.
LaTeX Info: Redefining \relbar on input line 970.
LaTeX Info: Redefining \Relbar on input line 971.
\c@MaxMatrixCols=\count199
\dotsspace@=\muskip16
\c@parentequation=\count266
\dspbrk@lvl=\count267
\tag@help=\toks18
\row@=\count268
\column@=\count269
\maxfields@=\count270
\andhelp@=\toks19
\eqnshift@=\dimen144
\alignsep@=\dimen145
\tagshift@=\dimen146
\tagwidth@=\dimen147
\totwidth@=\dimen148
\lineht@=\dimen149
\@envbody=\toks20
\multlinegap=\skip51
\multlinetaggap=\skip52
\mathdisplay@stack=\toks21
LaTeX Info: Redefining \[ on input line 2953.
LaTeX Info: Redefining \] on input line 2954.
) (/Users/jepa88/Library/TinyTeX/texmf-dist/tex/latex/amsfonts/amssymb.sty
Package: amssymb 2013/01/14 v3.01 AMS font symbols
(/Users/jepa88/Library/TinyTeX/texmf-dist/tex/latex/amsfonts/amsfonts.sty
Package: amsfonts 2013/01/14 v3.01 Basic AMSFonts support
\symAMSa=\mathgroup4
\symAMSb=\mathgroup5
LaTeX Font Info:    Redeclaring math symbol \hbar on input line 98.
LaTeX Font Info:    Overwriting math alphabet `\mathfrak' in version `bold'
(Font)                  U/euf/m/n --> U/euf/b/n on input line 106.
)) (/Users/jepa88/Library/TinyTeX/texmf-dist/tex/generic/iftex/iftex.sty
Package: iftex 2022/02/03 v1.0f TeX engine tests
) (/Users/jepa88/Library/TinyTeX/texmf-dist/tex/latex/base/fontenc.sty
Package: fontenc 2021/04/29 v2.0v Standard LaTeX package
) (/Users/jepa88/Library/TinyTeX/texmf-dist/tex/latex/base/inputenc.sty
Package: inputenc 2021/02/14 v1.3d Input encoding file
\inpenc@prehook=\toks22
\inpenc@posthook=\toks23
) (/Users/jepa88/Library/TinyTeX/texmf-dist/tex/latex/base/textcomp.sty
Package: textcomp 2020/02/02 v2.0n Standard LaTeX package
) (/Users/jepa88/Library/TinyTeX/texmf-dist/tex/latex/lm/lmodern.sty
Package: lmodern 2015/05/01 v1.6.1 Latin Modern Fonts
LaTeX Font Info:    Overwriting symbol font `operators' in version `normal'
(Font)                  OT1/cmr/m/n --> OT1/lmr/m/n on input line 22.
LaTeX Font Info:    Overwriting symbol font `letters' in version `normal'
(Font)                  OML/cmm/m/it --> OML/lmm/m/it on input line 23.
LaTeX Font Info:    Overwriting symbol font `symbols' in version `normal'
(Font)                  OMS/cmsy/m/n --> OMS/lmsy/m/n on input line 24.
LaTeX Font Info:    Overwriting symbol font `largesymbols' in version `normal'
(Font)                  OMX/cmex/m/n --> OMX/lmex/m/n on input line 25.
LaTeX Font Info:    Overwriting symbol font `operators' in version `bold'
(Font)                  OT1/cmr/bx/n --> OT1/lmr/bx/n on input line 26.
LaTeX Font Info:    Overwriting symbol font `letters' in version `bold'
(Font)                  OML/cmm/b/it --> OML/lmm/b/it on input line 27.
LaTeX Font Info:    Overwriting symbol font `symbols' in version `bold'
(Font)                  OMS/cmsy/b/n --> OMS/lmsy/b/n on input line 28.
LaTeX Font Info:    Overwriting symbol font `largesymbols' in version `bold'
(Font)                  OMX/cmex/m/n --> OMX/lmex/m/n on input line 29.
LaTeX Font Info:    Overwriting math alphabet `\mathbf' in version `normal'
(Font)                  OT1/cmr/bx/n --> OT1/lmr/bx/n on input line 31.
LaTeX Font Info:    Overwriting math alphabet `\mathsf' in version `normal'
(Font)                  OT1/cmss/m/n --> OT1/lmss/m/n on input line 32.
LaTeX Font Info:    Overwriting math alphabet `\mathit' in version `normal'
(Font)                  OT1/cmr/m/it --> OT1/lmr/m/it on input line 33.
LaTeX Font Info:    Overwriting math alphabet `\mathtt' in version `normal'
(Font)                  OT1/cmtt/m/n --> OT1/lmtt/m/n on input line 34.
LaTeX Font Info:    Overwriting math alphabet `\mathbf' in version `bold'
(Font)                  OT1/cmr/bx/n --> OT1/lmr/bx/n on input line 35.
LaTeX Font Info:    Overwriting math alphabet `\mathsf' in version `bold'
(Font)                  OT1/cmss/bx/n --> OT1/lmss/bx/n on input line 36.
LaTeX Font Info:    Overwriting math alphabet `\mathit' in version `bold'
(Font)                  OT1/cmr/bx/it --> OT1/lmr/bx/it on input line 37.
LaTeX Font Info:    Overwriting math alphabet `\mathtt' in version `bold'
(Font)                  OT1/cmtt/m/n --> OT1/lmtt/m/n on input line 38.
) (/Users/jepa88/Library/TinyTeX/texmf-dist/tex/latex/xcolor/xcolor.sty
Package: xcolor 2022/06/12 v2.14 LaTeX color extensions (UK)
(/Users/jepa88/Library/TinyTeX/texmf-dist/tex/latex/graphics-cfg/color.cfg
File: color.cfg 2016/01/02 v1.6 sample color configuration
)
Package xcolor Info: Driver file: pdftex.def on input line 227.
(/Users/jepa88/Library/TinyTeX/texmf-dist/tex/latex/graphics-def/pdftex.def
File: pdftex.def 2022/09/22 v1.2b Graphics/color driver for pdftex
) (/Users/jepa88/Library/TinyTeX/texmf-dist/tex/latex/graphics/mathcolor.ltx)
Package xcolor Info: Model `cmy' substituted by `cmy0' on input line 1353.
Package xcolor Info: Model `hsb' substituted by `rgb' on input line 1357.
Package xcolor Info: Model `RGB' extended on input line 1369.
Package xcolor Info: Model `HTML' substituted by `rgb' on input line 1371.
Package xcolor Info: Model `Hsb' substituted by `hsb' on input line 1372.
Package xcolor Info: Model `tHsb' substituted by `hsb' on input line 1373.
Package xcolor Info: Model `HSB' substituted by `hsb' on input line 1374.
Package xcolor Info: Model `Gray' substituted by `gray' on input line 1375.
Package xcolor Info: Model `wave' substituted by `hsb' on input line 1376.
) (/Users/jepa88/Library/TinyTeX/texmf-dist/tex/latex/geometry/geometry.sty
Package: geometry 2020/01/02 v5.9 Page Geometry
(/Users/jepa88/Library/TinyTeX/texmf-dist/tex/latex/graphics/keyval.sty
Package: keyval 2022/05/29 v1.15 key=value parser (DPC)
\KV@toks@=\toks24
) (/Users/jepa88/Library/TinyTeX/texmf-dist/tex/generic/iftex/ifvtex.sty
Package: ifvtex 2019/10/25 v1.7 ifvtex legacy package. Use iftex instead.
)
\Gm@cnth=\count271
\Gm@cntv=\count272
\c@Gm@tempcnt=\count273
\Gm@bindingoffset=\dimen150
\Gm@wd@mp=\dimen151
\Gm@odd@mp=\dimen152
\Gm@even@mp=\dimen153
\Gm@layoutwidth=\dimen154
\Gm@layoutheight=\dimen155
\Gm@layouthoffset=\dimen156
\Gm@layoutvoffset=\dimen157
\Gm@dimlist=\toks25
) (/Users/jepa88/Library/TinyTeX/texmf-dist/tex/latex/fancyvrb/fancyvrb.sty
Package: fancyvrb 2023/01/19 4.5a verbatim text (tvz,hv)
\FV@CodeLineNo=\count274
\FV@InFile=\read2
\FV@TabBox=\box53
\c@FancyVerbLine=\count275
\FV@StepNumber=\count276
\FV@OutFile=\write3
) (/Users/jepa88/Library/TinyTeX/texmf-dist/tex/latex/framed/framed.sty
Package: framed 2011/10/22 v 0.96: framed or shaded text with page breaks
\OuterFrameSep=\skip53
\fb@frw=\dimen158
\fb@frh=\dimen159
\FrameRule=\dimen160
\FrameSep=\dimen161
) (/Users/jepa88/Library/TinyTeX/texmf-dist/tex/latex/graphics/graphicx.sty
Package: graphicx 2021/09/16 v1.2d Enhanced LaTeX Graphics (DPC,SPQR)
(/Users/jepa88/Library/TinyTeX/texmf-dist/tex/latex/graphics/graphics.sty
Package: graphics 2022/03/10 v1.4e Standard LaTeX Graphics (DPC,SPQR)
(/Users/jepa88/Library/TinyTeX/texmf-dist/tex/latex/graphics/trig.sty
Package: trig 2021/08/11 v1.11 sin cos tan (DPC)
) (/Users/jepa88/Library/TinyTeX/texmf-dist/tex/latex/graphics-cfg/graphics.cfg
File: graphics.cfg 2016/06/04 v1.11 sample graphics configuration
)
Package graphics Info: Driver file: pdftex.def on input line 107.
)
\Gin@req@height=\dimen162
\Gin@req@width=\dimen163
) (/Users/jepa88/Library/TinyTeX/texmf-dist/tex/latex/booktabs/booktabs.sty
Package: booktabs 2020/01/12 v1.61803398 Publication quality tables
\heavyrulewidth=\dimen164
\lightrulewidth=\dimen165
\cmidrulewidth=\dimen166
\belowrulesep=\dimen167
\belowbottomsep=\dimen168
\aboverulesep=\dimen169
\abovetopsep=\dimen170
\cmidrulesep=\dimen171
\cmidrulekern=\dimen172
\defaultaddspace=\dimen173
\@cmidla=\count277
\@cmidlb=\count278
\@aboverulesep=\dimen174
\@belowrulesep=\dimen175
\@thisruleclass=\count279
\@lastruleclass=\count280
\@thisrulewidth=\dimen176
) (/Users/jepa88/Library/TinyTeX/texmf-dist/tex/latex/tools/longtable.sty
Package: longtable 2021-09-01 v4.17 Multi-page Table package (DPC)
\LTleft=\skip54
\LTright=\skip55
\LTpre=\skip56
\LTpost=\skip57
\LTchunksize=\count281
\LTcapwidth=\dimen177
\LT@head=\box54
\LT@firsthead=\box55
\LT@foot=\box56
\LT@lastfoot=\box57
\LT@gbox=\box58
\LT@cols=\count282
\LT@rows=\count283
\c@LT@tables=\count284
\c@LT@chunks=\count285
\LT@p@ftn=\toks26
) (/Users/jepa88/Library/TinyTeX/texmf-dist/tex/latex/tools/array.sty
Package: array 2022/09/04 v2.5g Tabular extension package (FMi)
\col@sep=\dimen178
\ar@mcellbox=\box59
\extrarowheight=\dimen179
\NC@list=\toks27
\extratabsurround=\skip58
\backup@length=\skip59
\ar@cellbox=\box60
) (/Users/jepa88/Library/TinyTeX/texmf-dist/tex/latex/multirow/multirow.sty
Package: multirow 2021/03/15 v2.8 Span multiple rows of a table
\multirow@colwidth=\skip60
\multirow@cntb=\count286
\multirow@dima=\skip61
\bigstrutjot=\dimen180
) (/Users/jepa88/Library/TinyTeX/texmf-dist/tex/latex/wrapfig/wrapfig.sty
\wrapoverhang=\dimen181
\WF@size=\dimen182
\c@WF@wrappedlines=\count287
\WF@box=\box61
\WF@everypar=\toks28
Package: wrapfig 2003/01/31  v 3.6
) (/Users/jepa88/Library/TinyTeX/texmf-dist/tex/latex/float/float.sty
Package: float 2001/11/08 v1.3d Float enhancements (AL)
\c@float@type=\count288
\float@exts=\toks29
\float@box=\box62
\@float@everytoks=\toks30
\@floatcapt=\box63
) (/Users/jepa88/Library/TinyTeX/texmf-dist/tex/latex/colortbl/colortbl.sty
Package: colortbl 2022/06/20 v1.0f Color table columns (DPC)
\everycr=\toks31
\minrowclearance=\skip62
\rownum=\count289
) (/Users/jepa88/Library/TinyTeX/texmf-dist/tex/latex/pdflscape/pdflscape.sty
Package: pdflscape 2022-10-27 v0.13 Display of landscape pages in PDF
(/Users/jepa88/Library/TinyTeX/texmf-dist/tex/latex/pdflscape/pdflscape-nometadata.sty
Package: pdflscape-nometadata 2022-10-28 v0.13 Display of landscape pages in PDF (HO)
(/Users/jepa88/Library/TinyTeX/texmf-dist/tex/latex/graphics/lscape.sty
Package: lscape 2020/05/28 v3.02 Landscape Pages (DPC)
)
Package pdflscape Info: Auto-detected driver: pdftex on input line 81.
)) (/Users/jepa88/Library/TinyTeX/texmf-dist/tex/latex/tabu/tabu.sty
Package: tabu 2019/01/11 v2.9 - flexible LaTeX tabulars (FC+tabu-fixed)
(/Users/jepa88/Library/TinyTeX/texmf-dist/tex/latex/varwidth/varwidth.sty
Package: varwidth 2009/03/30 ver 0.92;  Variable-width minipages
\@vwid@box=\box64
\sift@deathcycles=\count290
\@vwid@loff=\dimen183
\@vwid@roff=\dimen184
)
\c@taburow=\count291
\tabu@nbcols=\count292
\tabu@cnt=\count293
\tabu@Xcol=\count294
\tabu@alloc=\count295
\tabu@nested=\count296
\tabu@target=\dimen185
\tabu@spreadtarget=\dimen186
\tabu@naturalX=\dimen187
\tabucolX=\dimen188
\tabu@Xsum=\dimen189
\extrarowdepth=\dimen190
\abovetabulinesep=\dimen191
\belowtabulinesep=\dimen192
\tabustrutrule=\dimen193
\tabu@thebody=\toks32
\tabu@footnotes=\toks33
\tabu@box=\box65
\tabu@arstrutbox=\box66
\tabu@hleads=\box67
\tabu@vleads=\box68
\tabu@cellskip=\skip63
) (/Users/jepa88/Library/TinyTeX/texmf-dist/tex/latex/threeparttable/threeparttable.sty
Package: threeparttable 2003/06/13  v 3.0
\@tempboxb=\box69
) (/Users/jepa88/Library/TinyTeX/texmf-dist/tex/latex/threeparttablex/threeparttablex.sty
Package: threeparttablex 2013/07/23 v0.3 by daleif
(/Users/jepa88/Library/TinyTeX/texmf-dist/tex/latex/environ/environ.sty
Package: environ 2014/05/04 v0.3 A new way to define environments
(/Users/jepa88/Library/TinyTeX/texmf-dist/tex/latex/trimspaces/trimspaces.sty
Package: trimspaces 2009/09/17 v1.1 Trim spaces around a token list
))
\TPTL@width=\skip64
) (/Users/jepa88/Library/TinyTeX/texmf-dist/tex/generic/ulem/ulem.sty
\UL@box=\box70
\UL@hyphenbox=\box71
\UL@skip=\skip65
\UL@hook=\toks34
\UL@height=\dimen194
\UL@pe=\count297
\UL@pixel=\dimen195
\ULC@box=\box72
Package: ulem 2019/11/18
\ULdepth=\dimen196
) (/Users/jepa88/Library/TinyTeX/texmf-dist/tex/latex/makecell/makecell.sty
Package: makecell 2009/08/03 V0.1e Managing of Tab Column Heads and Cells
\rotheadsize=\dimen197
\c@nlinenum=\count298
\TeXr@lab=\toks35
) (/Users/jepa88/Library/TinyTeX/texmf-dist/tex/latex/hyperref/hyperref.sty
Package: hyperref 2023-07-08 v7.01b Hypertext links for LaTeX
(/Users/jepa88/Library/TinyTeX/texmf-dist/tex/generic/ltxcmds/ltxcmds.sty
Package: ltxcmds 2020-05-10 v1.25 LaTeX kernel commands for general use (HO)
) (/Users/jepa88/Library/TinyTeX/texmf-dist/tex/generic/pdftexcmds/pdftexcmds.sty
Package: pdftexcmds 2020-06-27 v0.33 Utility functions of pdfTeX for LuaTeX (HO)
(/Users/jepa88/Library/TinyTeX/texmf-dist/tex/generic/infwarerr/infwarerr.sty
Package: infwarerr 2019/12/03 v1.5 Providing info/warning/error messages (HO)
)
Package pdftexcmds Info: \pdf@primitive is available.
Package pdftexcmds Info: \pdf@ifprimitive is available.
Package pdftexcmds Info: \pdfdraftmode found.
) (/Users/jepa88/Library/TinyTeX/texmf-dist/tex/latex/kvsetkeys/kvsetkeys.sty
Package: kvsetkeys 2022-10-05 v1.19 Key value parser (HO)
) (/Users/jepa88/Library/TinyTeX/texmf-dist/tex/generic/kvdefinekeys/kvdefinekeys.sty
Package: kvdefinekeys 2019-12-19 v1.6 Define keys (HO)
) (/Users/jepa88/Library/TinyTeX/texmf-dist/tex/generic/pdfescape/pdfescape.sty
Package: pdfescape 2019/12/09 v1.15 Implements pdfTeX's escape features (HO)
) (/Users/jepa88/Library/TinyTeX/texmf-dist/tex/latex/hycolor/hycolor.sty
Package: hycolor 2020-01-27 v1.10 Color options for hyperref/bookmark (HO)
) (/Users/jepa88/Library/TinyTeX/texmf-dist/tex/latex/letltxmacro/letltxmacro.sty
Package: letltxmacro 2019/12/03 v1.6 Let assignment for LaTeX macros (HO)
) (/Users/jepa88/Library/TinyTeX/texmf-dist/tex/latex/auxhook/auxhook.sty
Package: auxhook 2019-12-17 v1.6 Hooks for auxiliary files (HO)
) (/Users/jepa88/Library/TinyTeX/texmf-dist/tex/latex/hyperref/nameref.sty
Package: nameref 2023-08-07 v2.53 Cross-referencing by name of section
(/Users/jepa88/Library/TinyTeX/texmf-dist/tex/latex/refcount/refcount.sty
Package: refcount 2019/12/15 v3.6 Data extraction from label references (HO)
) (/Users/jepa88/Library/TinyTeX/texmf-dist/tex/generic/gettitlestring/gettitlestring.sty
Package: gettitlestring 2019/12/15 v1.6 Cleanup title references (HO)
(/Users/jepa88/Library/TinyTeX/texmf-dist/tex/latex/kvoptions/kvoptions.sty
Package: kvoptions 2022-06-15 v3.15 Key value format for package options (HO)
))
\c@section@level=\count299
) (/Users/jepa88/Library/TinyTeX/texmf-dist/tex/latex/etoolbox/etoolbox.sty
Package: etoolbox 2020/10/05 v2.5k e-TeX tools for LaTeX (JAW)
\etb@tempcnta=\count300
)
\@linkdim=\dimen198
\Hy@linkcounter=\count301
\Hy@pagecounter=\count302
(/Users/jepa88/Library/TinyTeX/texmf-dist/tex/latex/hyperref/pd1enc.def
File: pd1enc.def 2023-07-08 v7.01b Hyperref: PDFDocEncoding definition (HO)
Now handling font encoding PD1 ...
... no UTF-8 mapping file for font encoding PD1
) (/Users/jepa88/Library/TinyTeX/texmf-dist/tex/generic/intcalc/intcalc.sty
Package: intcalc 2019/12/15 v1.3 Expandable calculations with integers (HO)
)
\Hy@SavedSpaceFactor=\count303
(/Users/jepa88/Library/TinyTeX/texmf-dist/tex/latex/hyperref/puenc.def
File: puenc.def 2023-07-08 v7.01b Hyperref: PDF Unicode definition (HO)
Now handling font encoding PU ...
... no UTF-8 mapping file for font encoding PU
)
Package hyperref Info: Option `unicode' set `true' on input line 4050.
Package hyperref Info: Hyper figures OFF on input line 4167.
Package hyperref Info: Link nesting OFF on input line 4172.
Package hyperref Info: Hyper index ON on input line 4175.
Package hyperref Info: Plain pages OFF on input line 4182.
Package hyperref Info: Backreferencing OFF on input line 4187.
Package hyperref Info: Implicit mode ON; LaTeX internals redefined.
Package hyperref Info: Bookmarks ON on input line 4434.
\c@Hy@tempcnt=\count304
(/Users/jepa88/Library/TinyTeX/texmf-dist/tex/latex/url/url.sty
\Urlmuskip=\muskip17
Package: url 2013/09/16  ver 3.4  Verb mode for urls, etc.
)
LaTeX Info: Redefining \url on input line 4772.
\XeTeXLinkMargin=\dimen199
(/Users/jepa88/Library/TinyTeX/texmf-dist/tex/generic/bitset/bitset.sty
Package: bitset 2019/12/09 v1.3 Handle bit-vector datatype (HO)
(/Users/jepa88/Library/TinyTeX/texmf-dist/tex/generic/bigintcalc/bigintcalc.sty
Package: bigintcalc 2019/12/15 v1.5 Expandable calculations on big integers (HO)
))
\Fld@menulength=\count305
\Field@Width=\dimen256
\Fld@charsize=\dimen257
Package hyperref Info: Hyper figures OFF on input line 6051.
Package hyperref Info: Link nesting OFF on input line 6056.
Package hyperref Info: Hyper index ON on input line 6059.
Package hyperref Info: backreferencing OFF on input line 6066.
Package hyperref Info: Link coloring OFF on input line 6071.
Package hyperref Info: Link coloring with OCG OFF on input line 6076.
Package hyperref Info: PDF/A mode OFF on input line 6081.
(/Users/jepa88/Library/TinyTeX/texmf-dist/tex/latex/base/atbegshi-ltx.sty
Package: atbegshi-ltx 2021/01/10 v1.0c Emulation of the original atbegshi
package with kernel methods
)
\Hy@abspage=\count306
\c@Item=\count307
\c@Hfootnote=\count308
)
Package hyperref Info: Driver (autodetected): hpdftex.
(/Users/jepa88/Library/TinyTeX/texmf-dist/tex/latex/hyperref/hpdftex.def
File: hpdftex.def 2023-07-08 v7.01b Hyperref driver for pdfTeX
(/Users/jepa88/Library/TinyTeX/texmf-dist/tex/latex/base/atveryend-ltx.sty
Package: atveryend-ltx 2020/08/19 v1.0a Emulation of the original atveryend package
with kernel methods
)
\Fld@listcount=\count309
\c@bookmark@seq@number=\count310
(/Users/jepa88/Library/TinyTeX/texmf-dist/tex/latex/rerunfilecheck/rerunfilecheck.sty
Package: rerunfilecheck 2022-07-10 v1.10 Rerun checks for auxiliary files (HO)
(/Users/jepa88/Library/TinyTeX/texmf-dist/tex/generic/uniquecounter/uniquecounter.sty
Package: uniquecounter 2019/12/15 v1.4 Provide unlimited unique counter (HO)
)
Package uniquecounter Info: New unique counter `rerunfilecheck' on input line 285.
)
\Hy@SectionHShift=\skip66
)
LaTeX Font Info:    Trying to load font information for T1+lmr on input line 129.
(/Users/jepa88/Library/TinyTeX/texmf-dist/tex/latex/lm/t1lmr.fd
File: t1lmr.fd 2015/05/01 v1.6.1 Font defs for Latin Modern
) (/Users/jepa88/Library/TinyTeX/texmf-dist/tex/latex/l3backend/l3backend-pdftex.def
File: l3backend-pdftex.def 2023-04-19 L3 backend support: PDF output (pdfTeX)
\l__color_backend_stack_int=\count311
\l__pdf_internal_box=\box73
)

LaTeX Warning: Unused global option(s):
    [20pt].

(./gsl-n.aux)
\openout1 = `gsl-n.aux'.

LaTeX Font Info:    Checking defaults for OML/cmm/m/it on input line 129.
LaTeX Font Info:    ... okay on input line 129.
LaTeX Font Info:    Checking defaults for OMS/cmsy/m/n on input line 129.
LaTeX Font Info:    ... okay on input line 129.
LaTeX Font Info:    Checking defaults for OT1/cmr/m/n on input line 129.
LaTeX Font Info:    ... okay on input line 129.
LaTeX Font Info:    Checking defaults for T1/cmr/m/n on input line 129.
LaTeX Font Info:    ... okay on input line 129.
LaTeX Font Info:    Checking defaults for TS1/cmr/m/n on input line 129.
LaTeX Font Info:    ... okay on input line 129.
LaTeX Font Info:    Checking defaults for OMX/cmex/m/n on input line 129.
LaTeX Font Info:    ... okay on input line 129.
LaTeX Font Info:    Checking defaults for U/cmr/m/n on input line 129.
LaTeX Font Info:    ... okay on input line 129.
LaTeX Font Info:    Checking defaults for PD1/pdf/m/n on input line 129.
LaTeX Font Info:    ... okay on input line 129.
LaTeX Font Info:    Checking defaults for PU/pdf/m/n on input line 129.
LaTeX Font Info:    ... okay on input line 129.
(/Users/jepa88/Library/TinyTeX/texmf-dist/tex/latex/epstopdf-pkg/epstopdf-base.sty
Package: epstopdf-base 2020-01-24 v2.11 Base part for package epstopdf
Package epstopdf-base Info: Redefining graphics rule for `.eps' on input line 485.
(/Users/jepa88/Library/TinyTeX/texmf-dist/tex/latex/latexconfig/epstopdf-sys.cfg
File: epstopdf-sys.cfg 2010/07/13 v1.3 Configuration of (r)epstopdf for TeX Live
))
*geometry* driver: auto-detecting
*geometry* detected driver: pdftex
*geometry* verbose mode - [ preamble ] result:
* driver: pdftex
* paper: <default>
* layout: <same size as paper>
* layoutoffset:(h,v)=(0.0pt,0.0pt)
* modes: 
* h-part:(L,W,R)=(72.26999pt, 469.75502pt, 72.26999pt)
* v-part:(T,H,B)=(72.26999pt, 650.43001pt, 72.26999pt)
* \paperwidth=614.295pt
* \paperheight=794.96999pt
* \textwidth=469.75502pt
* \textheight=650.43001pt
* \oddsidemargin=0.0pt
* \evensidemargin=0.0pt
* \topmargin=-37.0pt
* \headheight=12.0pt
* \headsep=25.0pt
* \topskip=10.0pt
* \footskip=30.0pt
* \marginparwidth=65.0pt
* \marginparsep=11.0pt
* \columnsep=10.0pt
* \skip\footins=9.0pt plus 4.0pt minus 2.0pt
* \hoffset=0.0pt
* \voffset=0.0pt
* \mag=1000
* \@twocolumnfalse
* \@twosidefalse
* \@mparswitchfalse
* \@reversemarginfalse
* (1in=72.27pt=25.4mm, 1cm=28.453pt)

Package hyperref Info: Link coloring OFF on input line 129.
(./gsl-n.out) (./gsl-n.out)
\@outlinefile=\write4
\openout4 = `gsl-n.out'.

LaTeX Font Info:    Trying to load font information for OT1+lmr on input line 131.
(/Users/jepa88/Library/TinyTeX/texmf-dist/tex/latex/lm/ot1lmr.fd
File: ot1lmr.fd 2015/05/01 v1.6.1 Font defs for Latin Modern
)
LaTeX Font Info:    Trying to load font information for OML+lmm on input line 131.
(/Users/jepa88/Library/TinyTeX/texmf-dist/tex/latex/lm/omllmm.fd
File: omllmm.fd 2015/05/01 v1.6.1 Font defs for Latin Modern
)
LaTeX Font Info:    Trying to load font information for OMS+lmsy on input line 131.
(/Users/jepa88/Library/TinyTeX/texmf-dist/tex/latex/lm/omslmsy.fd
File: omslmsy.fd 2015/05/01 v1.6.1 Font defs for Latin Modern
)
LaTeX Font Info:    Trying to load font information for OMX+lmex on input line 131.
(/Users/jepa88/Library/TinyTeX/texmf-dist/tex/latex/lm/omxlmex.fd
File: omxlmex.fd 2015/05/01 v1.6.1 Font defs for Latin Modern
)
LaTeX Font Info:    External font `lmex10' loaded for size
(Font)              <12> on input line 131.
LaTeX Font Info:    External font `lmex10' loaded for size
(Font)              <8> on input line 131.
LaTeX Font Info:    External font `lmex10' loaded for size
(Font)              <6> on input line 131.
LaTeX Font Info:    Trying to load font information for U+msa on input line 131.
(/Users/jepa88/Library/TinyTeX/texmf-dist/tex/latex/amsfonts/umsa.fd
File: umsa.fd 2013/01/14 v3.01 AMS symbols A
)
LaTeX Font Info:    Trying to load font information for U+msb on input line 131.
(/Users/jepa88/Library/TinyTeX/texmf-dist/tex/latex/amsfonts/umsb.fd
File: umsb.fd 2013/01/14 v3.01 AMS symbols B
)
Overfull \hbox (70.57007pt too wide) in paragraph at lines 131--131
 [][] 
 []

(./gsl-n.toc
LaTeX Font Info:    External font `lmex10' loaded for size
(Font)              <10> on input line 1.
LaTeX Font Info:    External font `lmex10' loaded for size
(Font)              <7> on input line 1.
LaTeX Font Info:    External font `lmex10' loaded for size
(Font)              <5> on input line 1.
)
\tf@toc=\write5
\openout5 = `gsl-n.toc'.

[1

{/Users/jepa88/Library/TinyTeX/texmf-var/fonts/map/pdftex/updmap/pdftex.map}{/Users/jepa88/Library/TinyTeX/texmf-dist/fonts/enc/dvips/lm/lm-ec.enc}]
LaTeX Font Info:    Trying to load font information for T1+lmtt on input line 178.
(/Users/jepa88/Library/TinyTeX/texmf-dist/tex/latex/lm/t1lmtt.fd
File: t1lmtt.fd 2015/05/01 v1.6.1 Font defs for Latin Modern
)
LaTeX Font Info:    Font shape `T1/lmtt/bx/n' in size <10> not available
(Font)              Font shape `T1/lmtt/b/n' tried instead on input line 179.

LaTeX Font Warning: Font shape `T1/lmtt/bx/it' in size <10> not available
(Font)              Font shape `T1/lmtt/b/sl' tried instead on input line 179.

LaTeX Font Info:    Trying to load font information for TS1+lmtt on input line 316.
(/Users/jepa88/Library/TinyTeX/texmf-dist/tex/latex/lm/ts1lmtt.fd
File: ts1lmtt.fd 2015/05/01 v1.6.1 Font defs for Latin Modern
) [2]
Underfull \vbox (badness 10000) detected at line 550
 []


Underfull \vbox (badness 10000) detected at line 550
 []

[3]
Underfull \vbox (badness 10000) detected at line 550
 []


Underfull \vbox (badness 10000) detected at line 550
 []

[4{/Users/jepa88/Library/TinyTeX/texmf-dist/fonts/enc/dvips/lm/lm-ts1.enc}]
Underfull \vbox (badness 10000) detected at line 550
 []


Underfull \vbox (badness 10000) detected at line 550
 []

[5]
Underfull \vbox (badness 10000) detected at line 550
 []


Underfull \vbox (badness 10000) detected at line 550
 []

[6]
Underfull \vbox (badness 10000) detected at line 550
 []


Underfull \vbox (badness 10000) detected at line 550
 []

[7]
Underfull \vbox (badness 10000) detected at line 550
 []


Underfull \vbox (badness 10000) detected at line 550
 []

[8] [9] [10

]
<gsl-n_files/figure-latex/hauls_per_year-1.pdf, id=149, 361.35pt x 325.215pt>
File: gsl-n_files/figure-latex/hauls_per_year-1.pdf Graphic file (type pdf)
<use gsl-n_files/figure-latex/hauls_per_year-1.pdf>
Package pdftex.def Info: gsl-n_files/figure-latex/hauls_per_year-1.pdf  used on input line 657.
(pdftex.def)             Requested size: 361.34912pt x 325.2142pt.
[11

 <./gsl-n_files/figure-latex/hauls_per_year-1.pdf>]
LaTeX Font Info:    Trying to load font information for TS1+lmr on input line 671.
(/Users/jepa88/Library/TinyTeX/texmf-dist/tex/latex/lm/ts1lmr.fd
File: ts1lmr.fd 2015/05/01 v1.6.1 Font defs for Latin Modern
)
<gsl-n_files/figure-latex/summary_tech_vars-1.pdf, id=162, 722.7pt x 433.62pt>
File: gsl-n_files/figure-latex/summary_tech_vars-1.pdf Graphic file (type pdf)
<use gsl-n_files/figure-latex/summary_tech_vars-1.pdf>
Package pdftex.def Info: gsl-n_files/figure-latex/summary_tech_vars-1.pdf  used on input line 682.
(pdftex.def)             Requested size: 469.76045pt x 281.85628pt.
[12

{/Users/jepa88/Library/TinyTeX/texmf-dist/fonts/enc/dvips/lm/lm-mathit.enc}{/Users/jepa88/Library/TinyTeX/texmf-dist/fonts/enc/dvips/lm/lm-rm.enc} <./gsl-n_files/figure-latex/summary_tech_vars-1.pdf>]
<gsl-n_files/figure-latex/summary_var_plot-1.pdf, id=177, 469.755pt x 325.215pt>
File: gsl-n_files/figure-latex/summary_var_plot-1.pdf Graphic file (type pdf)
<use gsl-n_files/figure-latex/summary_var_plot-1.pdf>
Package pdftex.def Info: gsl-n_files/figure-latex/summary_var_plot-1.pdf  used on input line 711.
(pdftex.def)             Requested size: 469.75386pt x 325.2142pt.
[13

 <./gsl-n_files/figure-latex/summary_var_plot-1.pdf>]
<gsl-n_files/figure-latex/extreme_biomass-1.pdf, id=191, 469.755pt x 325.215pt>
File: gsl-n_files/figure-latex/extreme_biomass-1.pdf Graphic file (type pdf)
<use gsl-n_files/figure-latex/extreme_biomass-1.pdf>
Package pdftex.def Info: gsl-n_files/figure-latex/extreme_biomass-1.pdf  used on input line 730.
(pdftex.def)             Requested size: 469.75386pt x 325.2142pt.
[14

 <./gsl-n_files/figure-latex/extreme_biomass-1.pdf>]
<gsl-n_files/figure-latex/summary_var_swept-1.pdf, id=202, 469.755pt x 325.215pt>
File: gsl-n_files/figure-latex/summary_var_swept-1.pdf Graphic file (type pdf)
<use gsl-n_files/figure-latex/summary_var_swept-1.pdf>
Package pdftex.def Info: gsl-n_files/figure-latex/summary_var_swept-1.pdf  used on input line 753.
(pdftex.def)             Requested size: 469.75386pt x 325.2142pt.
[15

 <./gsl-n_files/figure-latex/summary_var_swept-1.pdf>]
<gsl-n_files/figure-latex/abundant_spp-1.pdf, id=213, 469.755pt x 325.215pt>
File: gsl-n_files/figure-latex/abundant_spp-1.pdf Graphic file (type pdf)
<use gsl-n_files/figure-latex/abundant_spp-1.pdf>
Package pdftex.def Info: gsl-n_files/figure-latex/abundant_spp-1.pdf  used on input line 761.
(pdftex.def)             Requested size: 469.75386pt x 325.2142pt.
[16

 <./gsl-n_files/figure-latex/abundant_spp-1.pdf>]
<gsl-n_files/figure-latex/fixed_point_map-1.pdf, id=224, 722.7pt x 361.35pt>
File: gsl-n_files/figure-latex/fixed_point_map-1.pdf Graphic file (type pdf)
<use gsl-n_files/figure-latex/fixed_point_map-1.pdf>
Package pdftex.def Info: gsl-n_files/figure-latex/fixed_point_map-1.pdf  used on input line 771.
(pdftex.def)             Requested size: 469.76045pt x 234.88023pt.
[17

 <./gsl-n_files/figure-latex/fixed_point_map-1.pdf>] [18

]
<../outputs/Flags/trimming_method1/hex_res7/GSL-N_hex_res_7_plot.png, id=246, 722.7pt x 722.7pt>
File: ../outputs/Flags/trimming_method1/hex_res7/GSL-N_hex_res_7_plot.png Graphic file (type png)
<use ../outputs/Flags/trimming_method1/hex_res7/GSL-N_hex_res_7_plot.png>
Package pdftex.def Info: ../outputs/Flags/trimming_method1/hex_res7/GSL-N_hex_res_7_plot.png  used on input line 796.
(pdftex.def)             Requested size: 375.80615pt x 375.80615pt.
<../outputs/Flags/trimming_method1/hex_res8/GSL-N_hex_res_8_plot.png, id=247, 722.7pt x 722.7pt>
File: ../outputs/Flags/trimming_method1/hex_res8/GSL-N_hex_res_8_plot.png Graphic file (type png)
<use ../outputs/Flags/trimming_method1/hex_res8/GSL-N_hex_res_8_plot.png>
Package pdftex.def Info: ../outputs/Flags/trimming_method1/hex_res8/GSL-N_hex_res_8_plot.png  used on input line 798.
(pdftex.def)             Requested size: 375.80615pt x 375.80615pt.
[19

 <../outputs/Flags/trimming_method1/hex_res7/GSL-N_hex_res_7_plot.png>]
<../outputs/Flags/trimming_method1/hex_res7/GSL-N_hex_res_7_map_per_haul.png, id=256, 902.1705pt x 424.4658pt>
File: ../outputs/Flags/trimming_method1/hex_res7/GSL-N_hex_res_7_map_per_haul.png Graphic file (type png)
<use ../outputs/Flags/trimming_method1/hex_res7/GSL-N_hex_res_7_map_per_haul.png>
Package pdftex.def Info: ../outputs/Flags/trimming_method1/hex_res7/GSL-N_hex_res_7_map_per_haul.png  used on input line 802.
(pdftex.def)             Requested size: 469.75084pt x 221.01494pt.
<../outputs/Flags/trimming_method1/hex_res8/GSL-N_hex_res_8_map_per_haul.png, id=257, 902.1705pt x 424.4658pt>
File: ../outputs/Flags/trimming_method1/hex_res8/GSL-N_hex_res_8_map_per_haul.png Graphic file (type png)
<use ../outputs/Flags/trimming_method1/hex_res8/GSL-N_hex_res_8_map_per_haul.png>
Package pdftex.def Info: ../outputs/Flags/trimming_method1/hex_res8/GSL-N_hex_res_8_map_per_haul.png  used on input line 804.
(pdftex.def)             Requested size: 469.75084pt x 221.01494pt.
[20 <../outputs/Flags/trimming_method1/hex_res8/GSL-N_hex_res_8_plot.png> <../outputs/Flags/trimming_method1/hex_res7/GSL-N_hex_res_7_map_per_haul.png>]
<../outputs/Flags/trimming_method1/hex_res7/GSL-N_hex_res_7_map_per_grid_nyears.png, id=262, 1084.05pt x 505.89pt>
File: ../outputs/Flags/trimming_method1/hex_res7/GSL-N_hex_res_7_map_per_grid_nyears.png Graphic file (type png)
<use ../outputs/Flags/trimming_method1/hex_res7/GSL-N_hex_res_7_map_per_grid_nyears.png>
Package pdftex.def Info: ../outputs/Flags/trimming_method1/hex_res7/GSL-N_hex_res_7_map_per_grid_nyears.png  used on input line 809.
(pdftex.def)             Requested size: 469.75496pt x 219.21896pt.
<../outputs/Flags/trimming_method1/hex_res8/GSL-N_hex_res_8_map_per_grid_nyears.png, id=263, 1084.05pt x 505.89pt>
File: ../outputs/Flags/trimming_method1/hex_res8/GSL-N_hex_res_8_map_per_grid_nyears.png Graphic file (type png)
<use ../outputs/Flags/trimming_method1/hex_res8/GSL-N_hex_res_8_map_per_grid_nyears.png>
Package pdftex.def Info: ../outputs/Flags/trimming_method1/hex_res8/GSL-N_hex_res_8_map_per_grid_nyears.png  used on input line 811.
(pdftex.def)             Requested size: 469.75496pt x 219.21896pt.
[21 <../outputs/Flags/trimming_method1/hex_res8/GSL-N_hex_res_8_map_per_haul.png> <../outputs/Flags/trimming_method1/hex_res7/GSL-N_hex_res_7_map_per_grid_nyears.png>]
Underfull \hbox (badness 1859) in paragraph at lines 817--819
\T1/lmr/m/n/10 This stan-dard-iza-tion method was adapted from Bi-o-TIME code from []$https : / / github . com / Wubing -[]
 []

<../outputs/Flags/trimming_method2/GSL-N_map_per_haul.png, id=269, 902.1705pt x 424.4658pt>
File: ../outputs/Flags/trimming_method2/GSL-N_map_per_haul.png Graphic file (type png)
<use ../outputs/Flags/trimming_method2/GSL-N_map_per_haul.png>
Package pdftex.def Info: ../outputs/Flags/trimming_method2/GSL-N_map_per_haul.png  used on input line 822.
(pdftex.def)             Requested size: 469.75084pt x 221.01494pt.
[22 <../outputs/Flags/trimming_method1/hex_res8/GSL-N_hex_res_8_map_per_grid_nyears.png> <../outputs/Flags/trimming_method2/GSL-N_map_per_haul.png>] (./gsl-n.aux)
 ***********
LaTeX2e <2023-06-01> patch level 1
L3 programming layer <2023-08-11>
 ***********
Package rerunfilecheck Info: File `gsl-n.out' has not changed.
(rerunfilecheck)             Checksum: D834971862962F5A544B264B28B871AA;3299.
 ) 
Here is how much of TeX's memory you used:
 13180 strings out of 477149
 209855 string characters out of 5812293
 1963254 words of memory out of 5000000
 33906 multiletter control sequences out of 15000+600000
 610739 words of font info for 84 fonts, out of 8000000 for 9000
 14 hyphenation exceptions out of 8191
 75i,10n,79p,428b,472s stack positions out of 10000i,1000n,20000p,200000b,200000s
</Users/jepa88/Library/TinyTeX/texmf-dist/fonts/type1/public/lm/lmbx10.pfb></Users/jepa88/Library/TinyTeX/texmf-dist/fonts/type1/public/lm/lmbx12.pfb></Users/jepa88/Library/TinyTeX/texmf-dist/fonts/type1/public/lm/lmmi10.pfb></Users/jepa88/Library/TinyTeX/texmf-dist/fonts/type1/public/lm/lmmi7.pfb></Users/jepa88/Library/TinyTeX/texmf-dist/fonts/type1/public/lm/lmr10.pfb></Users/jepa88/Library/TinyTeX/texmf-dist/fonts/type1/public/lm/lmr12.pfb></Users/jepa88/Library/TinyTeX/texmf-dist/fonts/type1/public/lm/lmr17.pfb></Users/jepa88/Library/TinyTeX/texmf-dist/fonts/type1/public/lm/lmr5.pfb></Users/jepa88/Library/TinyTeX/texmf-dist/fonts/type1/public/lm/lmr7.pfb></Users/jepa88/Library/TinyTeX/texmf-dist/fonts/type1/public/lm/lmri10.pfb></Users/jepa88/Library/TinyTeX/texmf-dist/fonts/type1/public/lm/lmtk10.pfb></Users/jepa88/Library/TinyTeX/texmf-dist/fonts/type1/public/lm/lmtko10.pfb></Users/jepa88/Library/TinyTeX/texmf-dist/fonts/type1/public/lm/lmtt10.pfb></Users/jepa88/Library/TinyTeX/texmf-dist/fonts/type1/public/lm/lmtti10.pfb>
Output written on gsl-n.pdf (22 pages, 8241515 bytes).
PDF statistics:
 362 PDF objects out of 1000 (max. 8388607)
 283 compressed objects within 3 object streams
 56 named destinations out of 1000 (max. 500000)
 199 words of extra memory for PDF output out of 10000 (max. 10000000)

